<?xml version="1.0" encoding="UTF-8"?>
<coverage generated="1636442776840" clover="3.2.0">
  <project timestamp="1636442776841" name="All files">
    <metrics statements="22" coveredstatements="21" conditionals="20" coveredconditionals="17" methods="4" coveredmethods="4" elements="46" coveredelements="42" complexity="0" loc="22" ncloc="22" packages="1" files="1" classes="1"/>
    <file name="index.js" path="/Users/virgilio/Documents/code/katas/kata-mars-rovers/src/index.js">
      <metrics statements="22" coveredstatements="21" conditionals="20" coveredconditionals="17" methods="4" coveredmethods="4"/>
      <line num="1" count="1" type="stmt"/>
      <line num="5" count="4" type="stmt"/>
      <line num="6" count="4" type="stmt"/>
      <line num="7" count="4" type="stmt"/>
      <line num="11" count="7" type="stmt"/>
      <line num="12" count="7" type="cond" truecount="2" falsecount="0"/>
      <line num="13" count="5" type="stmt"/>
      <line num="14" count="5" type="cond" truecount="1" falsecount="1"/>
      <line num="15" count="0" type="stmt"/>
      <line num="17" count="2" type="cond" truecount="1" falsecount="1"/>
      <line num="18" count="2" type="stmt"/>
      <line num="19" count="2" type="cond" truecount="2" falsecount="0"/>
      <line num="20" count="1" type="stmt"/>
      <line num="23" count="7" type="stmt"/>
      <line num="27" count="4" type="stmt"/>
      <line num="28" count="9" type="cond" truecount="4" falsecount="0"/>
      <line num="29" count="7" type="stmt"/>
      <line num="30" count="2" type="cond" truecount="4" falsecount="0"/>
      <line num="31" count="1" type="stmt"/>
      <line num="32" count="1" type="cond" truecount="3" falsecount="1"/>
      <line num="33" count="1" type="stmt"/>
      <line num="39" count="1" type="stmt"/>
    </file>
  </project>
</coverage>
