<?xml version="1.0" encoding="UTF-8"?>
<coverage generated="1636441930592" clover="3.2.0">
  <project timestamp="1636441930592" name="All files">
    <metrics statements="20" coveredstatements="19" conditionals="16" coveredconditionals="14" methods="4" coveredmethods="4" elements="40" coveredelements="37" complexity="0" loc="20" ncloc="20" packages="1" files="1" classes="1"/>
    <file name="index.js" path="/Users/virgilio/Documents/code/katas/kata-mars-rovers/src/index.js">
      <metrics statements="20" coveredstatements="19" conditionals="16" coveredconditionals="14" methods="4" coveredmethods="4"/>
      <line num="1" count="1" type="stmt"/>
      <line num="5" count="4" type="stmt"/>
      <line num="6" count="4" type="stmt"/>
      <line num="7" count="4" type="stmt"/>
      <line num="11" count="7" type="stmt"/>
      <line num="12" count="7" type="cond" truecount="2" falsecount="0"/>
      <line num="13" count="5" type="stmt"/>
      <line num="14" count="5" type="cond" truecount="1" falsecount="1"/>
      <line num="15" count="0" type="stmt"/>
      <line num="17" count="2" type="cond" truecount="1" falsecount="1"/>
      <line num="18" count="2" type="stmt"/>
      <line num="19" count="2" type="cond" truecount="2" falsecount="0"/>
      <line num="20" count="1" type="stmt"/>
      <line num="23" count="7" type="stmt"/>
      <line num="27" count="4" type="stmt"/>
      <line num="28" count="9" type="cond" truecount="4" falsecount="0"/>
      <line num="29" count="7" type="stmt"/>
      <line num="30" count="2" type="cond" truecount="4" falsecount="0"/>
      <line num="31" count="1" type="stmt"/>
      <line num="37" count="1" type="stmt"/>
    </file>
  </project>
</coverage>
