{"/Users/virgilio/Documents/code/katas/kata-mars-rovers/src/index.js": {"path":"/Users/virgilio/Documents/code/katas/kata-mars-rovers/src/index.js","statementMap":{"0":{"start":{"line":1,"column":19},"end":{"line":1,"column":39}},"1":{"start":{"line":5,"column":4},"end":{"line":5,"column":45}},"2":{"start":{"line":6,"column":4},"end":{"line":6,"column":37}},"3":{"start":{"line":7,"column":4},"end":{"line":7,"column":35}},"4":{"start":{"line":11,"column":25},"end":{"line":11,"column":59}},"5":{"start":{"line":12,"column":4},"end":{"line":22,"column":5}},"6":{"start":{"line":13,"column":6},"end":{"line":13,"column":22}},"7":{"start":{"line":14,"column":6},"end":{"line":16,"column":7}},"8":{"start":{"line":15,"column":8},"end":{"line":15,"column":26}},"9":{"start":{"line":17,"column":11},"end":{"line":22,"column":5}},"10":{"start":{"line":18,"column":6},"end":{"line":18,"column":22}},"11":{"start":{"line":19,"column":6},"end":{"line":21,"column":7}},"12":{"start":{"line":20,"column":8},"end":{"line":20,"column":46}},"13":{"start":{"line":23,"column":4},"end":{"line":23,"column":47}},"14":{"start":{"line":27,"column":4},"end":{"line":43,"column":6}},"15":{"start":{"line":28,"column":6},"end":{"line":42,"column":7}},"16":{"start":{"line":29,"column":8},"end":{"line":29,"column":26}},"17":{"start":{"line":30,"column":13},"end":{"line":42,"column":7}},"18":{"start":{"line":31,"column":8},"end":{"line":31,"column":26}},"19":{"start":{"line":32,"column":13},"end":{"line":42,"column":7}},"20":{"start":{"line":33,"column":8},"end":{"line":33,"column":26}},"21":{"start":{"line":34,"column":13},"end":{"line":42,"column":7}},"22":{"start":{"line":35,"column":8},"end":{"line":35,"column":26}},"23":{"start":{"line":36,"column":13},"end":{"line":42,"column":7}},"24":{"start":{"line":37,"column":8},"end":{"line":37,"column":26}},"25":{"start":{"line":38,"column":13},"end":{"line":42,"column":7}},"26":{"start":{"line":39,"column":8},"end":{"line":39,"column":26}},"27":{"start":{"line":40,"column":13},"end":{"line":42,"column":7}},"28":{"start":{"line":41,"column":8},"end":{"line":41,"column":26}},"29":{"start":{"line":47,"column":0},"end":{"line":47,"column":22}}},"fnMap":{"0":{"name":"(anonymous_0)","decl":{"start":{"line":4,"column":2},"end":{"line":4,"column":3}},"loc":{"start":{"line":4,"column":22},"end":{"line":8,"column":3}},"line":4},"1":{"name":"(anonymous_1)","decl":{"start":{"line":10,"column":2},"end":{"line":10,"column":3}},"loc":{"start":{"line":10,"column":16},"end":{"line":24,"column":3}},"line":10},"2":{"name":"(anonymous_2)","decl":{"start":{"line":26,"column":2},"end":{"line":26,"column":3}},"loc":{"start":{"line":26,"column":24},"end":{"line":44,"column":3}},"line":26},"3":{"name":"(anonymous_3)","decl":{"start":{"line":27,"column":21},"end":{"line":27,"column":22}},"loc":{"start":{"line":27,"column":32},"end":{"line":43,"column":5}},"line":27}},"branchMap":{"0":{"loc":{"start":{"line":12,"column":4},"end":{"line":22,"column":5}},"type":"if","locations":[{"start":{"line":12,"column":4},"end":{"line":22,"column":5}},{"start":{"line":17,"column":11},"end":{"line":22,"column":5}}],"line":12},"1":{"loc":{"start":{"line":14,"column":6},"end":{"line":16,"column":7}},"type":"if","locations":[{"start":{"line":14,"column":6},"end":{"line":16,"column":7}},{"start":{},"end":{}}],"line":14},"2":{"loc":{"start":{"line":17,"column":11},"end":{"line":22,"column":5}},"type":"if","locations":[{"start":{"line":17,"column":11},"end":{"line":22,"column":5}},{"start":{},"end":{}}],"line":17},"3":{"loc":{"start":{"line":19,"column":6},"end":{"line":21,"column":7}},"type":"if","locations":[{"start":{"line":19,"column":6},"end":{"line":21,"column":7}},{"start":{},"end":{}}],"line":19},"4":{"loc":{"start":{"line":28,"column":6},"end":{"line":42,"column":7}},"type":"if","locations":[{"start":{"line":28,"column":6},"end":{"line":42,"column":7}},{"start":{"line":30,"column":13},"end":{"line":42,"column":7}}],"line":28},"5":{"loc":{"start":{"line":28,"column":10},"end":{"line":28,"column":44}},"type":"binary-expr","locations":[{"start":{"line":28,"column":10},"end":{"line":28,"column":25}},{"start":{"line":28,"column":29},"end":{"line":28,"column":44}}],"line":28},"6":{"loc":{"start":{"line":30,"column":13},"end":{"line":42,"column":7}},"type":"if","locations":[{"start":{"line":30,"column":13},"end":{"line":42,"column":7}},{"start":{"line":32,"column":13},"end":{"line":42,"column":7}}],"line":30},"7":{"loc":{"start":{"line":30,"column":17},"end":{"line":30,"column":58}},"type":"binary-expr","locations":[{"start":{"line":30,"column":17},"end":{"line":30,"column":32}},{"start":{"line":30,"column":36},"end":{"line":30,"column":58}}],"line":30},"8":{"loc":{"start":{"line":32,"column":13},"end":{"line":42,"column":7}},"type":"if","locations":[{"start":{"line":32,"column":13},"end":{"line":42,"column":7}},{"start":{"line":34,"column":13},"end":{"line":42,"column":7}}],"line":32},"9":{"loc":{"start":{"line":32,"column":17},"end":{"line":32,"column":58}},"type":"binary-expr","locations":[{"start":{"line":32,"column":17},"end":{"line":32,"column":32}},{"start":{"line":32,"column":36},"end":{"line":32,"column":58}}],"line":32},"10":{"loc":{"start":{"line":34,"column":13},"end":{"line":42,"column":7}},"type":"if","locations":[{"start":{"line":34,"column":13},"end":{"line":42,"column":7}},{"start":{"line":36,"column":13},"end":{"line":42,"column":7}}],"line":34},"11":{"loc":{"start":{"line":34,"column":17},"end":{"line":34,"column":58}},"type":"binary-expr","locations":[{"start":{"line":34,"column":17},"end":{"line":34,"column":32}},{"start":{"line":34,"column":36},"end":{"line":34,"column":58}}],"line":34},"12":{"loc":{"start":{"line":36,"column":13},"end":{"line":42,"column":7}},"type":"if","locations":[{"start":{"line":36,"column":13},"end":{"line":42,"column":7}},{"start":{"line":38,"column":13},"end":{"line":42,"column":7}}],"line":36},"13":{"loc":{"start":{"line":36,"column":17},"end":{"line":36,"column":58}},"type":"binary-expr","locations":[{"start":{"line":36,"column":17},"end":{"line":36,"column":32}},{"start":{"line":36,"column":36},"end":{"line":36,"column":58}}],"line":36},"14":{"loc":{"start":{"line":38,"column":13},"end":{"line":42,"column":7}},"type":"if","locations":[{"start":{"line":38,"column":13},"end":{"line":42,"column":7}},{"start":{"line":40,"column":13},"end":{"line":42,"column":7}}],"line":38},"15":{"loc":{"start":{"line":38,"column":17},"end":{"line":38,"column":58}},"type":"binary-expr","locations":[{"start":{"line":38,"column":17},"end":{"line":38,"column":32}},{"start":{"line":38,"column":36},"end":{"line":38,"column":58}}],"line":38},"16":{"loc":{"start":{"line":40,"column":13},"end":{"line":42,"column":7}},"type":"if","locations":[{"start":{"line":40,"column":13},"end":{"line":42,"column":7}},{"start":{},"end":{}}],"line":40},"17":{"loc":{"start":{"line":40,"column":17},"end":{"line":40,"column":58}},"type":"binary-expr","locations":[{"start":{"line":40,"column":17},"end":{"line":40,"column":32}},{"start":{"line":40,"column":36},"end":{"line":40,"column":58}}],"line":40}},"s":{"0":1,"1":9,"2":9,"3":9,"4":5,"5":5,"6":4,"7":4,"8":0,"9":1,"10":1,"11":1,"12":0,"13":5,"14":9,"15":12,"16":5,"17":7,"18":1,"19":6,"20":1,"21":5,"22":1,"23":4,"24":1,"25":3,"26":1,"27":2,"28":1,"29":1},"f":{"0":9,"1":5,"2":9,"3":12},"b":{"0":[4,1],"1":[0,4],"2":[1,0],"3":[0,1],"4":[5,7],"5":[12,8],"6":[1,6],"7":[7,4],"8":[1,5],"9":[6,3],"10":[1,4],"11":[5,2],"12":[1,3],"13":[4,3],"14":[1,2],"15":[3,2],"16":[1,1],"17":[2,1]},"_coverageSchema":"1a1c01bbd47fc00a2c39e90264f33305004495a9","hash":"98fb0ad486ad5475673ef546ea9520616c3465fe"}
}
