TN:
SF:src/index.js
FN:4,(anonymous_0)
FN:10,(anonymous_1)
FN:26,(anonymous_2)
FN:27,(anonymous_3)
FNF:4
FNH:4
FNDA:7,(anonymous_0)
FNDA:5,(anonymous_1)
FNDA:7,(anonymous_2)
FNDA:10,(anonymous_3)
DA:1,1
DA:5,7
DA:6,7
DA:7,7
DA:11,5
DA:12,5
DA:13,4
DA:14,4
DA:15,0
DA:17,1
DA:18,1
DA:19,1
DA:20,0
DA:23,5
DA:27,7
DA:28,10
DA:29,5
DA:30,5
DA:31,1
DA:32,4
DA:33,1
DA:34,3
DA:35,1
DA:36,2
DA:37,1
DA:43,1
LF:26
LH:24
BRDA:12,0,0,4
BRDA:12,0,1,1
BRDA:14,1,0,0
BRDA:14,1,1,4
BRDA:17,2,0,1
BRDA:17,2,1,0
BRDA:19,3,0,0
BRDA:19,3,1,1
BRDA:28,4,0,5
BRDA:28,4,1,5
BRDA:28,5,0,10
BRDA:28,5,1,6
BRDA:30,6,0,1
BRDA:30,6,1,4
BRDA:30,7,0,5
BRDA:30,7,1,3
BRDA:32,8,0,1
BRDA:32,8,1,3
BRDA:32,9,0,4
BRDA:32,9,1,2
BRDA:34,10,0,1
BRDA:34,10,1,2
BRDA:34,11,0,3
BRDA:34,11,1,2
BRDA:36,12,0,1
BRDA:36,12,1,1
BRDA:36,13,0,2
BRDA:36,13,1,1
BRF:28
BRH:25
end_of_record
