TN:
SF:/Users/alvaro/Documents/projects/mars-rovers/src/index.js
FN:1,(anonymous_0)
FN:23,(anonymous_1)
FN:32,(anonymous_2)
FN:61,(anonymous_3)
FN:74,(anonymous_4)
FNF:5
FNH:5
FNDA:2,(anonymous_0)
FNDA:3,(anonymous_1)
FNDA:3,(anonymous_2)
FNDA:6,(anonymous_3)
FNDA:6,(anonymous_4)
DA:1,1
DA:2,2
DA:17,2
DA:23,1
DA:24,3
DA:32,1
DA:33,3
DA:48,3
DA:49,3
DA:55,3
DA:61,1
DA:62,6
DA:65,2
DA:68,3
DA:70,1
DA:74,1
DA:75,6
DA:78,1
LF:18
LH:18
BRDA:25,0,0,3
BRDA:25,0,1,3
BRDA:25,0,2,2
BRDA:25,0,3,2
BRDA:56,1,0,2
BRDA:56,1,1,1
BRDA:62,2,0,1
BRDA:62,2,1,2
BRDA:62,2,2,2
BRDA:62,2,3,3
BRDA:62,2,4,1
BRF:11
BRH:11
end_of_record
